生成启动时间为 4/26/2013 7:48:23 PM。
     1>项目“D:\work\VS2010workspace\kkFun\Flyup\proj.win32\Flyup.win32.vcxproj”在节点 2 上(build 个目标)。
     1>InitializeBuildStatus:
         正在创建“Debug.win32\Flyup.win32.unsuccessfulbuild”，因为已指定“AlwaysCreate”。
       ClCompile:
         D:\Program Files (x86)\Microsoft Visual Studio 10.0\VC\bin\CL.exe /c /I. /I..\Classes /ID:\work\VS2010workspace\kkFun\cocos2dx /ID:\work\VS2010workspace\kkFun\cocos2dx\include /ID:\work\VS2010workspace\kkFun\cocos2dx\kazmath\include /ID:\work\VS2010workspace\kkFun\cocos2dx\platform\win32 /ID:\work\VS2010workspace\kkFun\cocos2dx\platform\third_party\win32 /ID:\work\VS2010workspace\kkFun\cocos2dx\platform\third_party\win32\OGLES /ID:\work\VS2010workspace\kkFun\CocosDenshion\include /ID:\work\VS2010workspace\kkFun\extensions /ZI /nologo /W3 /WX- /Od /Oy- /D WIN32 /D _WINDOWS /D STRICT /D _CRT_SECURE_NO_WARNINGS /D _SCL_SECURE_NO_WARNINGS_DEBUG /D COCOS2D_DEBUG=1 /D _UNICODE /D UNICODE /Gm /EHsc /RTC1 /MDd /GS /fp:precise /Zc:wchar_t /Zc:forScope /Fo"Debug.win32\\" /Fd"Debug.win32\vc100.pdb" /Gd /TP /wd4267 /wd4251 /wd4244 /analyze- /errorReport:prompt ..\Classes\AppDelegate.cpp MainMenuLayer.cpp PlayLayer.cpp StopLayer.cpp
         MainMenuLayer.cpp
     1>d:\work\vs2010workspace\kkfun\flyup\proj.win32\basic.h(65): error C2065: “PIC_BALL1”: 未声明的标识符
         正在生成代码...
         正在编译...
         PlayLayer.cpp
     1>d:\work\vs2010workspace\kkfun\flyup\proj.win32\basic.h(65): error C2065: “PIC_BALL1”: 未声明的标识符
         正在生成代码...
         正在编译...
         StopLayer.cpp
     1>d:\work\vs2010workspace\kkfun\flyup\proj.win32\basic.h(65): error C2065: “PIC_BALL1”: 未声明的标识符
         正在生成代码...
         正在跳过...(未检测到相关更改)
         AppDelegate.cpp
     1>已完成生成项目“D:\work\VS2010workspace\kkFun\Flyup\proj.win32\Flyup.win32.vcxproj”(build 个目标)的操作 - 失败。

生成失败。

已用时间 00:00:04.58
